
================================================================================
SESSION STARTED AT: 22/06/2026, 18.00.58
================================================================================
[18.00.58] [INFO] ──────── Environment ────────
OS:          win32 (Windows 10 Home Single Language)
Arch:        x64
Node:        v24.16.0
CLI:         1.0.5 (6974fbd)
CPU:         AMD Ryzen 3 3250U with Radeon Graphics × 4 @ 2600 MHz
RAM:         0.51 GB free / 5.94 GB total
Disk:        43.01 GB free / 145.85 GB total
─────────────────────────────
[18.00.58] [WARN] [Git] Working tree is dirty in .
[18.01.02] [INFO] [Git] User continued despite dirty working tree
[18.01.02] [SPIN] Using project: Untitled
[18.01.02] [SPIN] ✓ Using project: Untitled
[18.01.02] [INFO] [Team] Resolving team from project 3FUMoPdNO6P8Fpxfl5xQYL8hMZP...
[18.01.02] [INFO] [Code Download] Fetching project details for: 3FUMoPdNO6P8Fpxfl5xQYL8hMZP
[18.01.02] [INFO] [Team] Resolved team: 3FULVG66CrWyWTaOoRbEZRHAKdQ
[18.01.02] [SPIN] Downloading generated code...
[18.01.02] [INFO] [Code Download] Fetching project details for: 3FUMoPdNO6P8Fpxfl5xQYL8hMZP
[18.01.02] [INFO] [Code Download] API URL: https://ai-services.locofy.ai/projects/3FUMoPdNO6P8Fpxfl5xQYL8hMZP
[18.01.02] [INFO] [Code Download] Access token present: true
[18.01.02] [INFO] [Code Download] Making API request...
[18.01.02] [INFO] [Code Download] API response received: true
[18.01.02] [INFO] [Code Download] Checking response data...
[18.01.02] [INFO] [Code Download] Project fetched successfully
[18.01.02] [INFO] [Code Download] Project name: Untitled
[18.01.02] [INFO] [Code Download] Project ID: 3FUMoPdNO6P8Fpxfl5xQYL8hMZP
[18.01.02] [INFO] [Code Download] Framework: html-css
[18.01.02] [INFO] [Code Download] Found generated code: mqp3jjo5
[18.01.02] [INFO] [Code Download] Metadata: {
  downloadUrl: 'https://d1xzdqg8s8ggsr.cloudfront.net/3FULVG66CrWyWTaOoRbEZRHAKdQ/1c2a8f50-4ecb-458f-a2b4-eff65147ea31_1782125556420091902?Expires=-62135596800&Signature=pkkXYNZPYqHG3V7qn-N0Uq~KuIrG0BO2gzdNXQyDd0FuFwqhRQq2c9~1PcJdzb59keDty1iRx4-OJMuZupdfY4KSpv1JyKTZv4~i6cFu8U28Ytmbu8LERCC1-0FQH5jjoo0g~fxBEc6I6zwOE96GUeKm-4uSWMfKMrKVw6UdvX97PuFih9zy-OdxqwG7WNGyJYkSlkIonmn4vig33HF2hblVQY04p049yLKmMFRse8bU17LI1GMd1-oWRt4uU9jGTDr04hGj8wr~ujQ70GRqGavMTtLsxt9ovPt6JEz-nGEwWT5QuO2bEnsYqlP0azDPfQK4LQYlECnOGmrDmZ0muA__&Key-Pair-Id=K1P54FZWCHCL6J',
  files: [],
  generatedAt: '2026-06-22T10:52:37.67Z',
  framework: 'html-css',
  projectId: '3FUMoPdNO6P8Fpxfl5xQYL8hMZP',
  teamId: '3FULVG66CrWyWTaOoRbEZRHAKdQ',
  projectName: 'Untitled',
  id: 'mqp3jjo5',
  screenshots: [
    'https://d1xzdqg8s8ggsr.cloudfront.net/3FULVG66CrWyWTaOoRbEZRHAKdQ/bfa67d0c-0f2c-4b19-949e-be976d335419_1782125540688133114'
  ],
  time: 1782125556053,
  name: 'login desktop'
}
[18.01.02] [INFO] [Code Download] Starting download from S3...
[18.01.02] [INFO] [Code Download] Download URL: https://d1xzdqg8s8ggsr.cloudfront.net/3FULVG66CrWyWTaOoRbEZRHAKdQ/1c2a8f50-4ecb-458f-a2b4-eff65147ea31_1782125556420091902?Expires=-62135596800&Signature=pkkXYNZPYqHG3V7qn-N0Uq~KuIrG0BO2gzdNXQyDd0FuFwqhRQq2c9~1PcJdzb59keDty1iRx4-OJMuZupdfY4KSpv1JyKTZv4~i6cFu8U28Ytmbu8LERCC1-0FQH5jjoo0g~fxBEc6I6zwOE96GUeKm-4uSWMfKMrKVw6UdvX97PuFih9zy-OdxqwG7WNGyJYkSlkIonmn4vig33HF2hblVQY04p049yLKmMFRse8bU17LI1GMd1-oWRt4uU9jGTDr04hGj8wr~ujQ70GRqGavMTtLsxt9ovPt6JEz-nGEwWT5QuO2bEnsYqlP0azDPfQK4LQYlECnOGmrDmZ0muA__&Key-Pair-Id=K1P54FZWCHCL6J
[18.01.02] [INFO] [Code Download] Fetching zip file...
[18.01.03] [INFO] [Code Download] Fetch response status: 200 OK
[18.01.03] [INFO] [Code Download] Converting response to buffer...
[18.01.04] [INFO] [Code Download] Downloaded 3768328 bytes
[18.01.04] [INFO] [Code Download] Created temp directory: C:\Users\Acer\.locofy\agent\generated-U3nGJN
[18.01.04] [INFO] [Code Download] Extracting zip file...
[18.01.04] [INFO] [Code Download] Zip extraction complete
[18.01.04] [INFO] [Code Download] Total zip entries: 22
[18.01.04] [INFO] [Code Download] Extracted 19 files successfully
[18.01.04] [INFO] [Code Download] Metadata saved to: C:\Users\Acer\.locofy\agent\generated-U3nGJN\.locofy-metadata.json
[18.01.04] [SPIN] ✓ Extracted 19 files to C:\Users\Acer\.locofy\agent\generated-U3nGJN
